<?xml version="1.0" encoding="UTF-8"?>
<!-- Generated by org.testng.reporters.JUnitReportReporter -->
<testsuite hostname="DESKTOP-08JE2UC" failures="0" tests="1" name="net.phptravels.auth.LoginTestViaURL" time="7.825" errors="0" timestamp="25 Dec 2018 17:16:31 GMT" skipped="0">
  <testcase classname="net.phptravels.auth.LoginTestViaURL" name="TestLogin" time="7.825"/>
</testsuite> <!-- net.phptravels.auth.LoginTestViaURL -->
