<?xml version="1.0" encoding="UTF-8"?>
<!-- Generated by org.testng.reporters.JUnitReportReporter -->
<testsuite hostname="DESKTOP-08JE2UC" failures="0" tests="1" name="net.phptravels.booking.CheckInDatePickerTest" time="25.628" errors="0" timestamp="21 Feb 2019 17:56:36 GMT" skipped="0">
  <testcase classname="net.phptravels.booking.CheckInDatePickerTest" name="testHotelBooking" time="25.628"/>
</testsuite> <!-- net.phptravels.booking.CheckInDatePickerTest -->
