<?xml version="1.0" encoding="UTF-8"?>
<!-- Generated by org.testng.reporters.JUnitReportReporter -->
<testsuite hostname="DESKTOP-GP1ILR2" failures="0" tests="1" name="net.phptravels.auth.LoginTest" time="13.086" errors="0" timestamp="02 січ. 2019 17:27:52 GMT" skipped="0">
  <testcase classname="net.phptravels.auth.LoginTest" name="testLoginViaURL" time="13.086"/>
</testsuite> <!-- net.phptravels.auth.LoginTest -->
