<?xml version="1.0" encoding="UTF-8"?>
<!-- Generated by org.testng.reporters.JUnitReportReporter -->
<testsuite hostname="DESKTOP-GP1ILR2" failures="0" tests="1" name="net.phptravels.auth.LoginViaMyAccountDropdown" time="10.466" errors="0" timestamp="04 січ. 2019 18:26:11 GMT" skipped="0">
  <testcase classname="net.phptravels.auth.LoginViaMyAccountDropdown" name="testLoginViaMyAccount" time="10.466"/>
</testsuite> <!-- net.phptravels.auth.LoginViaMyAccountDropdown -->
