<?xml version="1.0" encoding="UTF-8"?>
<!-- Generated by org.testng.reporters.JUnitReportReporter -->
<testsuite hostname="DESKTOP-GP1ILR2" failures="0" tests="1" name="net.phptravels.auth.LoginViaURLTest" time="13.435" errors="0" timestamp="13 січ. 2019 12:44:16 GMT" skipped="0">
  <testcase classname="net.phptravels.auth.LoginViaURLTest" name="testLoginViaURL" time="13.435"/>
</testsuite> <!-- net.phptravels.auth.LoginViaURLTest -->
