<?xml version="1.0" encoding="UTF-8"?>
<!-- Generated by org.testng.reporters.JUnitReportReporter -->
<testsuite hostname="DESKTOP-08JE2UC" failures="0" tests="1" name="net.phptravels.booking.CheckInDatePickerTest" time="18.843" errors="0" timestamp="30 Jan 2019 10:49:10 GMT" skipped="0">
  <testcase classname="net.phptravels.booking.CheckInDatePickerTest" name="testHotelBooking" time="18.843"/>
</testsuite> <!-- net.phptravels.booking.CheckInDatePickerTest -->
