<?xml version="1.0" encoding="UTF-8"?>
<!-- Generated by org.testng.reporters.JUnitReportReporter -->
<testsuite hostname="DESKTOP-GP1ILR2" failures="0" tests="1" name="net.phptravels.auth.LoginViaMyAccountDropdown" time="6.667" errors="0" timestamp="02 січ. 2019 19:40:56 GMT" skipped="0">
  <testcase classname="net.phptravels.auth.LoginViaMyAccountDropdown" name="testLoginViaMyAccount" time="6.667"/>
</testsuite> <!-- net.phptravels.auth.LoginViaMyAccountDropdown -->
